[handleMsg]:  {
  key: {
    remoteJid: '573142771306@s.whatsapp.net',
    fromMe: false,
    id: '3EB065F660E7EE934955FB',
    participant: undefined
  },
  messageTimestamp: 1699114156,
  pushName: 'Armando',
  broadcast: false,
  message: Message {
    extendedTextMessage: ExtendedTextMessage {
      text: 'perro',
      contextInfo: [ContextInfo],
      inviteLinkGroupTypeV2: 0
    },
    messageContextInfo: MessageContextInfo {
      deviceListMetadata: [DeviceListMetadata],
      deviceListMetadataVersion: 2
    }
  },
  body: 'perro',
  from: '573142771306'
}
[QUEUE_SE_ENVIO]:  {
  ref: 'ans_339af7ee-d8e6-4b66-9afa-58fbc7dbc036',
  keyword: 'key_c5e7dc2c-0365-48cf-a232-98ca1091b313',
  answer: '¡bienvenido a contabilidadmasfinanzas!👋',
  options: {
    media: null,
    buttons: [],
    capture: false,
    child: null,
    delay: 0,
    idle: null,
    nested: [],
    keyword: {},
    callback: false
  },
  refSerialize: '907aab474a9421bfe3cc7e93ac9acefb'
}
[QUEUE_SE_ENVIO]:  {
  ref: 'ans_6cd94201-2365-4655-8658-caeeca70e05c',
  keyword: 'ans_339af7ee-d8e6-4b66-9afa-58fbc7dbc036',
  answer: 'Acepta la política de tratamiento de datos personales?😊\n' +
    'Según la ley 1581 de 2012 de protección de datos personales.\n' +
    '*1* - SI\n' +
    '*2* - NO',
  options: {
    media: null,
    buttons: [],
    capture: false,
    child: null,
    delay: 0,
    idle: null,
    nested: [ [Object], [Object], [Object], [Object] ],
    keyword: {},
    callback: false
  },
  refSerialize: 'd16889d77610b2a85d8c290922cd0108'
}
[handleMsg]:  {
  key: {
    remoteJid: '573142771306@s.whatsapp.net',
    fromMe: false,
    id: '3EB080FE3FB813DEE1594F',
    participant: undefined
  },
  messageTimestamp: 1699114160,
  pushName: 'Armando',
  broadcast: false,
  message: Message {
    extendedTextMessage: ExtendedTextMessage {
      text: '1',
      contextInfo: [ContextInfo],
      inviteLinkGroupTypeV2: 0
    },
    messageContextInfo: MessageContextInfo {
      deviceListMetadata: [DeviceListMetadata],
      deviceListMetadataVersion: 2
    }
  },
  body: '1',
  from: '573142771306'
}
[QUEUE_SE_ENVIO]:  {
  ref: 'ans_f6b52dc6-d8c5-4590-9cbc-2c39252c37c5',
  keyword: 'key_3bbef8f8-9024-48cb-ad6d-ee979f9ea7e5',
  answer: 'Tipo cliente\n*1*- Nuevo\n*2*- Antiguo',
  options: {
    media: null,
    buttons: [],
    capture: false,
    child: null,
    delay: 0,
    idle: null,
    nested: [
      [Object], [Object],
      [Object], [Object],
      [Object], [Object],
      [Object]
    ],
    keyword: {},
    callback: false
  },
  refSerialize: '75d0f9b6ec228eff966ac606ccb4b3cb'
}
[handleMsg]:  {
  key: {
    remoteJid: '573142771306@s.whatsapp.net',
    fromMe: false,
    id: '3EB07C5D2BBD03B8ED57D3',
    participant: undefined
  },
  messageTimestamp: 1699114166,
  pushName: 'Armando',
  broadcast: false,
  message: Message {
    extendedTextMessage: ExtendedTextMessage {
      text: '2',
      contextInfo: [ContextInfo],
      inviteLinkGroupTypeV2: 0
    },
    messageContextInfo: MessageContextInfo {
      deviceListMetadata: [DeviceListMetadata],
      deviceListMetadataVersion: 2
    }
  },
  body: '2',
  from: '573142771306'
}
[QUEUE_SE_ENVIO]:  {
  ref: 'ans_faf2d299-1df3-4724-826e-941b1f9ed0ea',
  keyword: 'key_2b928294-b738-4493-832d-9b13bca3c09f',
  answer: 'estimado cliente, nuestro 🗓️Horario de atención: Lunes a Viernes 7:00-18:00, Sábados 08:00-12:00 Hora Colombia.\n' +
    'En un momento será transferido a uno de nuestros agentes 😊\n' +
    'Para iniciar, Por favor nos indica su nombre completo.',
  options: {
    media: null,
    buttons: [],
    capture: false,
    child: null,
    delay: 0,
    idle: null,
    nested: [],
    keyword: {},
    callback: false
  },
  refSerialize: 'f12fdf89766409d14d524da4564b1bc8'
}
[handleMsg]:  {
  key: {
    remoteJid: '573142771306@s.whatsapp.net',
    fromMe: false,
    id: '3EB013974023BD920DFA6B',
    participant: undefined
  },
  messageTimestamp: 1699114171,
  pushName: 'Armando',
  broadcast: false,
  message: Message {
    extendedTextMessage: ExtendedTextMessage {
      text: 'perro',
      contextInfo: [ContextInfo],
      inviteLinkGroupTypeV2: 0
    },
    messageContextInfo: MessageContextInfo {
      deviceListMetadata: [DeviceListMetadata],
      deviceListMetadataVersion: 2
    }
  },
  body: 'perro',
  from: '573142771306'
}
[QUEUE_SE_ENVIO]:  {
  ref: 'ans_339af7ee-d8e6-4b66-9afa-58fbc7dbc036',
  keyword: 'key_c5e7dc2c-0365-48cf-a232-98ca1091b313',
  answer: '¡bienvenido a contabilidadmasfinanzas!👋',
  options: {
    media: null,
    buttons: [],
    capture: false,
    child: null,
    delay: 0,
    idle: null,
    nested: [],
    keyword: {},
    callback: false
  },
  refSerialize: '907aab474a9421bfe3cc7e93ac9acefb'
}
[QUEUE_SE_ENVIO]:  {
  ref: 'ans_6cd94201-2365-4655-8658-caeeca70e05c',
  keyword: 'ans_339af7ee-d8e6-4b66-9afa-58fbc7dbc036',
  answer: 'Acepta la política de tratamiento de datos personales?😊\n' +
    'Según la ley 1581 de 2012 de protección de datos personales.\n' +
    '*1* - SI\n' +
    '*2* - NO',
  options: {
    media: null,
    buttons: [],
    capture: false,
    child: null,
    delay: 0,
    idle: null,
    nested: [ [Object], [Object], [Object], [Object] ],
    keyword: {},
    callback: false
  },
  refSerialize: 'd16889d77610b2a85d8c290922cd0108'
}
[handleMsg]:  {
  key: {
    remoteJid: '573142771306@s.whatsapp.net',
    fromMe: false,
    id: '3EB0D2C52CEE7D310F2BC8',
    participant: undefined
  },
  messageTimestamp: 1699114213,
  pushName: 'Armando',
  broadcast: false,
  message: Message {
    extendedTextMessage: ExtendedTextMessage {
      text: 'prueba',
      contextInfo: [ContextInfo],
      inviteLinkGroupTypeV2: 0
    },
    messageContextInfo: MessageContextInfo {
      deviceListMetadata: [DeviceListMetadata],
      deviceListMetadataVersion: 2
    }
  },
  body: 'prueba',
  from: '573142771306'
}
[handleMsg]:  {
  key: {
    remoteJid: '573142771306@s.whatsapp.net',
    fromMe: false,
    id: '3EB0B1DD3D5A7C96B70C2D',
    participant: undefined
  },
  messageTimestamp: 1699114217,
  pushName: 'Armando',
  broadcast: false,
  message: Message {
    extendedTextMessage: ExtendedTextMessage {
      text: 'perro',
      contextInfo: [ContextInfo],
      inviteLinkGroupTypeV2: 0
    },
    messageContextInfo: MessageContextInfo {
      deviceListMetadata: [DeviceListMetadata],
      deviceListMetadataVersion: 2
    }
  },
  body: 'perro',
  from: '573142771306'
}
[QUEUE_SE_ENVIO]:  {
  ref: 'ans_339af7ee-d8e6-4b66-9afa-58fbc7dbc036',
  keyword: 'key_c5e7dc2c-0365-48cf-a232-98ca1091b313',
  answer: '¡bienvenido a contabilidadmasfinanzas!👋',
  options: {
    media: null,
    buttons: [],
    capture: false,
    child: null,
    delay: 0,
    idle: null,
    nested: [],
    keyword: {},
    callback: false
  },
  refSerialize: '907aab474a9421bfe3cc7e93ac9acefb'
}
[QUEUE_SE_ENVIO]:  {
  ref: 'ans_6cd94201-2365-4655-8658-caeeca70e05c',
  keyword: 'ans_339af7ee-d8e6-4b66-9afa-58fbc7dbc036',
  answer: 'Acepta la política de tratamiento de datos personales?😊\n' +
    'Según la ley 1581 de 2012 de protección de datos personales.\n' +
    '*1* - SI\n' +
    '*2* - NO',
  options: {
    media: null,
    buttons: [],
    capture: false,
    child: null,
    delay: 0,
    idle: null,
    nested: [ [Object], [Object], [Object], [Object] ],
    keyword: {},
    callback: false
  },
  refSerialize: 'd16889d77610b2a85d8c290922cd0108'
}
[handleMsg]:  {
  key: {
    remoteJid: '573142771306@s.whatsapp.net',
    fromMe: false,
    id: '3EB092E22A3118A898A588',
    participant: undefined
  },
  messageTimestamp: 1699114222,
  pushName: 'Armando',
  broadcast: false,
  message: Message {
    extendedTextMessage: ExtendedTextMessage {
      text: 'q',
      contextInfo: [ContextInfo],
      inviteLinkGroupTypeV2: 0
    },
    messageContextInfo: MessageContextInfo {
      deviceListMetadata: [DeviceListMetadata],
      deviceListMetadataVersion: 2
    }
  },
  body: 'q',
  from: '573142771306'
}
[handleMsg]:  {
  key: {
    remoteJid: '573142771306@s.whatsapp.net',
    fromMe: false,
    id: '3EB063B94D5E71EBB9C60F',
    participant: undefined
  },
  messageTimestamp: 1699114224,
  pushName: 'Armando',
  broadcast: false,
  message: Message {
    extendedTextMessage: ExtendedTextMessage {
      text: '1',
      contextInfo: [ContextInfo],
      inviteLinkGroupTypeV2: 0
    },
    messageContextInfo: MessageContextInfo {
      deviceListMetadata: [DeviceListMetadata],
      deviceListMetadataVersion: 2
    }
  },
  body: '1',
  from: '573142771306'
}
[handleMsg]:  {
  key: {
    remoteJid: '573142771306@s.whatsapp.net',
    fromMe: false,
    id: '3EB0A9F7CBC595FC4AD9D9',
    participant: undefined
  },
  messageTimestamp: 1699114234,
  pushName: 'Armando',
  broadcast: false,
  message: Message {
    extendedTextMessage: ExtendedTextMessage {
      text: 'perro',
      contextInfo: [ContextInfo],
      inviteLinkGroupTypeV2: 0
    },
    messageContextInfo: MessageContextInfo {
      deviceListMetadata: [DeviceListMetadata],
      deviceListMetadataVersion: 2
    }
  },
  body: 'perro',
  from: '573142771306'
}
[QUEUE_SE_ENVIO]:  {
  ref: 'ans_339af7ee-d8e6-4b66-9afa-58fbc7dbc036',
  keyword: 'key_c5e7dc2c-0365-48cf-a232-98ca1091b313',
  answer: '¡bienvenido a contabilidadmasfinanzas!👋',
  options: {
    media: null,
    buttons: [],
    capture: false,
    child: null,
    delay: 0,
    idle: null,
    nested: [],
    keyword: {},
    callback: false
  },
  refSerialize: '907aab474a9421bfe3cc7e93ac9acefb'
}
[QUEUE_SE_ENVIO]:  {
  ref: 'ans_6cd94201-2365-4655-8658-caeeca70e05c',
  keyword: 'ans_339af7ee-d8e6-4b66-9afa-58fbc7dbc036',
  answer: 'Acepta la política de tratamiento de datos personales?😊\n' +
    'Según la ley 1581 de 2012 de protección de datos personales.\n' +
    '*1* - SI\n' +
    '*2* - NO',
  options: {
    media: null,
    buttons: [],
    capture: false,
    child: null,
    delay: 0,
    idle: null,
    nested: [ [Object], [Object], [Object], [Object] ],
    keyword: {},
    callback: false
  },
  refSerialize: 'd16889d77610b2a85d8c290922cd0108'
}
[handleMsg]:  {
  key: {
    remoteJid: '573142771306@s.whatsapp.net',
    fromMe: false,
    id: '3EB07C74B2E463AFEB56D2',
    participant: undefined
  },
  messageTimestamp: 1699114236,
  pushName: 'Armando',
  broadcast: false,
  message: Message {
    extendedTextMessage: ExtendedTextMessage {
      text: '1',
      contextInfo: [ContextInfo],
      inviteLinkGroupTypeV2: 0
    },
    messageContextInfo: MessageContextInfo {
      deviceListMetadata: [DeviceListMetadata],
      deviceListMetadataVersion: 2
    }
  },
  body: '1',
  from: '573142771306'
}
[QUEUE_SE_ENVIO]:  {
  ref: 'ans_f6b52dc6-d8c5-4590-9cbc-2c39252c37c5',
  keyword: 'key_3bbef8f8-9024-48cb-ad6d-ee979f9ea7e5',
  answer: 'Tipo cliente\n*1*- Nuevo\n*2*- Antiguo',
  options: {
    media: null,
    buttons: [],
    capture: false,
    child: null,
    delay: 0,
    idle: null,
    nested: [
      [Object], [Object],
      [Object], [Object],
      [Object], [Object],
      [Object]
    ],
    keyword: {},
    callback: false
  },
  refSerialize: '75d0f9b6ec228eff966ac606ccb4b3cb'
}
[handleMsg]:  {
  key: {
    remoteJid: '573142771306@s.whatsapp.net',
    fromMe: false,
    id: '3EB030E7DD32353E6089E2',
    participant: undefined
  },
  messageTimestamp: 1699114239,
  pushName: 'Armando',
  broadcast: false,
  message: Message {
    extendedTextMessage: ExtendedTextMessage {
      text: '2',
      contextInfo: [ContextInfo],
      inviteLinkGroupTypeV2: 0
    },
    messageContextInfo: MessageContextInfo {
      deviceListMetadata: [DeviceListMetadata],
      deviceListMetadataVersion: 2
    }
  },
  body: '2',
  from: '573142771306'
}
[QUEUE_SE_ENVIO]:  {
  ref: 'ans_faf2d299-1df3-4724-826e-941b1f9ed0ea',
  keyword: 'key_2b928294-b738-4493-832d-9b13bca3c09f',
  answer: 'estimado cliente, nuestro 🗓️Horario de atención: Lunes a Viernes 7:00-18:00, Sábados 08:00-12:00 Hora Colombia.\n' +
    'En un momento será transferido a uno de nuestros agentes 😊\n' +
    'Para iniciar, Por favor nos indica su nombre completo.',
  options: {
    media: null,
    buttons: [],
    capture: false,
    child: null,
    delay: 0,
    idle: null,
    nested: [],
    keyword: {},
    callback: false
  },
  refSerialize: 'f12fdf89766409d14d524da4564b1bc8'
}
[handleMsg]:  {
  key: {
    remoteJid: '573142771306@s.whatsapp.net',
    fromMe: false,
    id: '3EB0177BFD1ECFF6080096',
    participant: undefined
  },
  messageTimestamp: 1699114242,
  pushName: 'Armando',
  broadcast: false,
  message: Message {
    extendedTextMessage: ExtendedTextMessage {
      text: 'perro',
      contextInfo: [ContextInfo],
      inviteLinkGroupTypeV2: 0
    },
    messageContextInfo: MessageContextInfo {
      deviceListMetadata: [DeviceListMetadata],
      deviceListMetadataVersion: 2
    }
  },
  body: 'perro',
  from: '573142771306'
}
[QUEUE_SE_ENVIO]:  {
  ref: 'ans_339af7ee-d8e6-4b66-9afa-58fbc7dbc036',
  keyword: 'key_c5e7dc2c-0365-48cf-a232-98ca1091b313',
  answer: '¡bienvenido a contabilidadmasfinanzas!👋',
  options: {
    media: null,
    buttons: [],
    capture: false,
    child: null,
    delay: 0,
    idle: null,
    nested: [],
    keyword: {},
    callback: false
  },
  refSerialize: '907aab474a9421bfe3cc7e93ac9acefb'
}
[QUEUE_SE_ENVIO]:  {
  ref: 'ans_6cd94201-2365-4655-8658-caeeca70e05c',
  keyword: 'ans_339af7ee-d8e6-4b66-9afa-58fbc7dbc036',
  answer: 'Acepta la política de tratamiento de datos personales?😊\n' +
    'Según la ley 1581 de 2012 de protección de datos personales.\n' +
    '*1* - SI\n' +
    '*2* - NO',
  options: {
    media: null,
    buttons: [],
    capture: false,
    child: null,
    delay: 0,
    idle: null,
    nested: [ [Object], [Object], [Object], [Object] ],
    keyword: {},
    callback: false
  },
  refSerialize: 'd16889d77610b2a85d8c290922cd0108'
}
